[debug] [2023-06-20T20:48:48.619Z] ----------------------------------------------------------------------
[debug] [2023-06-20T20:48:48.621Z] Command:       C:\Program Files\nodejs\node.exe C:\Users\BRUNO\AppData\Roaming\npm\node_modules\firebase-tools\lib\bin\firebase.js init
[debug] [2023-06-20T20:48:48.621Z] CLI Version:   12.4.0
[debug] [2023-06-20T20:48:48.621Z] Platform:      win32
[debug] [2023-06-20T20:48:48.621Z] Node Version:  v16.16.0
[debug] [2023-06-20T20:48:48.622Z] Time:          Tue Jun 20 2023 15:48:48 GMT-0500 (hora estándar de Perú)
[debug] [2023-06-20T20:48:48.622Z] ----------------------------------------------------------------------
[debug] 
[debug] [2023-06-20T20:48:48.628Z] > command requires scopes: ["email","openid","https://www.googleapis.com/auth/cloudplatformprojects.readonly","https://www.googleapis.com/auth/firebase","https://www.googleapis.com/auth/cloud-platform"]
[debug] [2023-06-20T20:48:48.628Z] > authorizing via signed-in user (archeangelo6@gmail.com)
[info] 
     ######## #### ########  ######## ########     ###     ######  ########
     ##        ##  ##     ## ##       ##     ##  ##   ##  ##       ##
     ######    ##  ########  ######   ########  #########  ######  ######
     ##        ##  ##    ##  ##       ##     ## ##     ##       ## ##
     ##       #### ##     ## ######## ########  ##     ##  ######  ########

You're about to initialize a Firebase project in this directory:

  C:\Users\BRUNO\Desktop\programacion\Proyectos\react-v1\kvo\kvo

[info] 
=== Project Setup
[info] 
[info] First, let's associate this project directory with a Firebase project.
[info] You can create multiple project aliases by running firebase use --add, 
[info] but for now we'll just set up a default project.
[info] 
[debug] [2023-06-20T20:51:45.016Z] >>> [apiv2][query] GET https://firebase.googleapis.com/v1beta1/projects pageSize=100
[debug] [2023-06-20T20:51:45.654Z] <<< [apiv2][status] GET https://firebase.googleapis.com/v1beta1/projects 200
[debug] [2023-06-20T20:51:45.654Z] <<< [apiv2][body] GET https://firebase.googleapis.com/v1beta1/projects [omitted]
[info] i  Using project kvoo-4ce98 (Kvoo) 
[info] 
=== Hosting Setup
[info] 
[info] Your public directory is the folder (relative to your project directory) that
[info] will contain Hosting assets to be uploaded with firebase deploy. If you
[info] have a build process for your assets, use your build's output directory.
[info] 
